TN:
SF:src\services\CreateLesson.ts
FN:16,execute
FN:12,CreateLessonDataimport
FNF:2
FNH:2
FNDA:2,execute
FNDA:2,CreateLessonDataimport
DA:1,1
DA:2,1
DA:3,1
DA:4,1
DA:5,1
DA:6,1
DA:7,1
DA:8,1
DA:9,1
DA:10,1
DA:11,1
DA:12,1
DA:13,2
DA:14,2
DA:15,1
DA:16,1
DA:17,2
DA:18,2
DA:19,2
DA:20,2
DA:21,1
DA:22,1
DA:23,1
DA:24,1
DA:25,1
DA:26,1
DA:27,1
DA:28,1
LF:28
LH:28
BRDA:16,0,0,2
BRDA:20,1,0,1
BRDA:12,2,0,2
BRF:3
BRH:3
end_of_record
TN:
SF:test\repositories\InMemoryLessonsRepositorys.ts
FN:9,create
FNF:1
FNH:1
FNDA:1,create
DA:1,1
DA:2,1
DA:3,1
DA:4,1
DA:5,1
DA:6,1
DA:7,1
DA:8,1
DA:9,1
DA:10,1
DA:11,1
DA:12,1
DA:13,1
DA:14,1
DA:15,1
DA:16,1
DA:17,1
LF:17
LH:17
BRDA:9,0,0,1
BRF:1
BRH:1
end_of_record
